<?xml version="1.0" encoding="UTF-8"?>
<testng-results ignored="0" total="2" passed="2" failed="0" skipped="0">
  <reporter-output>
  </reporter-output>
  <suite started-at="2026-01-19T08:34:18 IST" name="Suite" finished-at="2026-01-19T08:34:53 IST" duration-ms="35814">
    <groups>
    </groups>
    <test started-at="2026-01-19T08:34:18 IST" name="Test" finished-at="2026-01-19T08:34:53 IST" duration-ms="35814">
      <class name="AutomateWebApp.validateYessPage">
        <test-method signature="validateAboutPage()[pri:0, instance:AutomateWebApp.validateYessPage@128d2484]" started-at="2026-01-19T08:34:18 IST" name="validateAboutPage" finished-at="2026-01-19T08:34:35 IST" duration-ms="16999" status="PASS">
          <reporter-output>
          </reporter-output>
        </test-method> <!-- validateAboutPage -->
      </class> <!-- AutomateWebApp.validateYessPage -->
      <class name="AutomateWebApp.validateHomePage">
        <test-method signature="validateHomePage()[pri:0, instance:AutomateWebApp.validateHomePage@7b2bbc3]" started-at="2026-01-19T08:34:35 IST" name="validateHomePage" finished-at="2026-01-19T08:34:53 IST" duration-ms="18732" status="PASS">
          <reporter-output>
          </reporter-output>
        </test-method> <!-- validateHomePage -->
      </class> <!-- AutomateWebApp.validateHomePage -->
    </test> <!-- Test -->
  </suite> <!-- Suite -->
</testng-results>
